<?xml version="1.0" encoding="UTF-8"?>
<!-- Generated by org.testng.reporters.JUnitReportReporter -->
<testsuite hostname="霞姐姐" name="myTest.Test01" tests="1" failures="0" timestamp="31 May 2018 03:45:15 GMT" time="0.000" errors="0">
  <testcase name="login" time="0.000" classname="myTest.Test01"/>
</testsuite> <!-- myTest.Test01 -->
